<?xml version="1.0" encoding="UTF-8"?>
<coverage generated="1597090012052" clover="3.2.0">
  <project timestamp="1597090012053" name="All files">
    <metrics statements="44" coveredstatements="29" conditionals="6" coveredconditionals="2" methods="27" coveredmethods="16" elements="77" coveredelements="47" complexity="0" loc="44" ncloc="44" packages="3" files="7" classes="7"/>
    <package name="src">
      <metrics statements="2" coveredstatements="2" conditionals="0" coveredconditionals="0" methods="1" coveredmethods="1"/>
      <file name="App.js" path="C:\Users\bl2618\Desktop\Lap2\todolist\src\App.js">
        <metrics statements="2" coveredstatements="2" conditionals="0" coveredconditionals="0" methods="1" coveredmethods="1"/>
        <line num="9" count="1" type="stmt"/>
        <line num="11" count="1" type="stmt"/>
      </file>
    </package>
    <package name="src.Components">
      <metrics statements="14" coveredstatements="8" conditionals="2" coveredconditionals="0" methods="9" coveredmethods="5"/>
      <file name="Review.js" path="C:\Users\bl2618\Desktop\Lap2\todolist\src\Components\Review.js">
        <metrics statements="8" coveredstatements="8" conditionals="0" coveredconditionals="0" methods="5" coveredmethods="5"/>
        <line num="5" count="2" type="stmt"/>
        <line num="6" count="2" type="stmt"/>
        <line num="11" count="2" type="stmt"/>
        <line num="13" count="2" type="stmt"/>
        <line num="14" count="1" type="stmt"/>
        <line num="15" count="1" type="stmt"/>
        <line num="19" count="1" type="stmt"/>
        <line num="24" count="5" type="stmt"/>
      </file>
      <file name="like.js" path="C:\Users\bl2618\Desktop\Lap2\todolist\src\Components\like.js">
        <metrics statements="6" coveredstatements="0" conditionals="2" coveredconditionals="0" methods="4" coveredmethods="0"/>
        <line num="5" count="0" type="stmt"/>
        <line num="6" count="0" type="stmt"/>
        <line num="10" count="0" type="stmt"/>
        <line num="11" count="0" type="stmt"/>
        <line num="12" count="0" type="stmt"/>
        <line num="17" count="0" type="stmt"/>
      </file>
    </package>
    <package name="src.Containers">
      <metrics statements="28" coveredstatements="19" conditionals="4" coveredconditionals="2" methods="17" coveredmethods="10"/>
      <file name="Home.js" path="C:\Users\bl2618\Desktop\Lap2\todolist\src\Containers\Home.js">
        <metrics statements="2" coveredstatements="2" conditionals="0" coveredconditionals="0" methods="2" coveredmethods="2"/>
        <line num="5" count="1" type="stmt"/>
        <line num="9" count="1" type="stmt"/>
      </file>
      <file name="Nav.js" path="C:\Users\bl2618\Desktop\Lap2\todolist\src\Containers\Nav.js">
        <metrics statements="2" coveredstatements="0" conditionals="0" coveredconditionals="0" methods="2" coveredmethods="0"/>
        <line num="8" count="0" type="stmt"/>
        <line num="12" count="0" type="stmt"/>
      </file>
      <file name="about.js" path="C:\Users\bl2618\Desktop\Lap2\todolist\src\Containers\about.js">
        <metrics statements="16" coveredstatements="12" conditionals="0" coveredconditionals="0" methods="10" coveredmethods="5"/>
        <line num="6" count="5" type="stmt"/>
        <line num="8" count="5" type="stmt"/>
        <line num="11" count="5" type="stmt"/>
        <line num="13" count="5" type="stmt"/>
        <line num="14" count="2" type="stmt"/>
        <line num="15" count="2" type="stmt"/>
        <line num="16" count="2" type="stmt"/>
        <line num="19" count="5" type="stmt"/>
        <line num="20" count="0" type="stmt"/>
        <line num="21" count="0" type="stmt"/>
        <line num="25" count="50" type="stmt"/>
        <line num="27" count="10" type="stmt"/>
        <line num="46" count="2" type="stmt"/>
        <line num="50" count="2" type="stmt"/>
        <line num="51" count="0" type="stmt"/>
        <line num="52" count="0" type="stmt"/>
      </file>
      <file name="shop.js" path="C:\Users\bl2618\Desktop\Lap2\todolist\src\Containers\shop.js">
        <metrics statements="8" coveredstatements="5" conditionals="4" coveredconditionals="2" methods="3" coveredmethods="3"/>
        <line num="8" count="1" type="stmt"/>
        <line num="9" count="1" type="stmt"/>
        <line num="15" count="1" type="stmt"/>
        <line num="16" count="1" type="stmt"/>
        <line num="17" count="0" type="stmt"/>
        <line num="18" count="0" type="stmt"/>
        <line num="19" count="0" type="stmt"/>
        <line num="23" count="1" type="stmt"/>
      </file>
    </package>
  </project>
</coverage>
