{"C:\\Users\\bl2618\\Desktop\\Lap2\\todolist\\src\\App.js": {"path":"C:\\Users\\bl2618\\Desktop\\Lap2\\todolist\\src\\App.js","statementMap":{"0":{"start":{"line":9,"column":10},"end":{"line":9,"column":12}},"1":{"start":{"line":11,"column":4},"end":{"line":21,"column":6}}},"fnMap":{"0":{"name":"(anonymous_0)","decl":{"start":{"line":10,"column":2},"end":{"line":10,"column":3}},"loc":{"start":{"line":10,"column":11},"end":{"line":22,"column":3}},"line":10}},"branchMap":{},"s":{"0":1,"1":1},"f":{"0":1},"b":{},"_coverageSchema":"1a1c01bbd47fc00a2c39e90264f33305004495a9","hash":"00417187499d81304857e68a322ec032fb785ab4"}
,"C:\\Users\\bl2618\\Desktop\\Lap2\\todolist\\src\\Components\\Review.js": {"path":"C:\\Users\\bl2618\\Desktop\\Lap2\\todolist\\src\\Components\\Review.js","statementMap":{"0":{"start":{"line":5,"column":8},"end":{"line":5,"column":15}},"1":{"start":{"line":6,"column":8},"end":{"line":8,"column":9}},"2":{"start":{"line":11,"column":19},"end":{"line":11,"column":65}},"3":{"start":{"line":11,"column":24},"end":{"line":11,"column":65}},"4":{"start":{"line":13,"column":16},"end":{"line":20,"column":5}},"5":{"start":{"line":14,"column":8},"end":{"line":14,"column":26}},"6":{"start":{"line":15,"column":8},"end":{"line":18,"column":12}},"7":{"start":{"line":15,"column":36},"end":{"line":18,"column":9}},"8":{"start":{"line":19,"column":8},"end":{"line":19,"column":38}},"9":{"start":{"line":24,"column":8},"end":{"line":32,"column":9}}},"fnMap":{"0":{"name":"(anonymous_0)","decl":{"start":{"line":4,"column":4},"end":{"line":4,"column":5}},"loc":{"start":{"line":4,"column":17},"end":{"line":9,"column":5}},"line":4},"1":{"name":"(anonymous_1)","decl":{"start":{"line":11,"column":19},"end":{"line":11,"column":20}},"loc":{"start":{"line":11,"column":24},"end":{"line":11,"column":65}},"line":11},"2":{"name":"(anonymous_2)","decl":{"start":{"line":13,"column":16},"end":{"line":13,"column":17}},"loc":{"start":{"line":13,"column":21},"end":{"line":20,"column":5}},"line":13},"3":{"name":"(anonymous_3)","decl":{"start":{"line":15,"column":22},"end":{"line":15,"column":23}},"loc":{"start":{"line":15,"column":36},"end":{"line":18,"column":9}},"line":15},"4":{"name":"(anonymous_4)","decl":{"start":{"line":22,"column":4},"end":{"line":22,"column":5}},"loc":{"start":{"line":22,"column":13},"end":{"line":33,"column":5}},"line":22}},"branchMap":{},"s":{"0":2,"1":2,"2":2,"3":2,"4":2,"5":1,"6":1,"7":1,"8":1,"9":5},"f":{"0":2,"1":2,"2":1,"3":1,"4":5},"b":{},"_coverageSchema":"1a1c01bbd47fc00a2c39e90264f33305004495a9","hash":"8bb618b78066c6f0879d840ccef1aa977a801b5c"}
,"C:\\Users\\bl2618\\Desktop\\Lap2\\todolist\\src\\Components\\like.js": {"path":"C:\\Users\\bl2618\\Desktop\\Lap2\\todolist\\src\\Components\\like.js","statementMap":{"0":{"start":{"line":5,"column":8},"end":{"line":5,"column":15}},"1":{"start":{"line":6,"column":8},"end":{"line":8,"column":9}},"2":{"start":{"line":10,"column":12},"end":{"line":13,"column":5}},"3":{"start":{"line":11,"column":8},"end":{"line":11,"column":27}},"4":{"start":{"line":12,"column":8},"end":{"line":12,"column":81}},"5":{"start":{"line":12,"column":36},"end":{"line":12,"column":79}},"6":{"start":{"line":17,"column":8},"end":{"line":22,"column":9}}},"fnMap":{"0":{"name":"(anonymous_0)","decl":{"start":{"line":4,"column":4},"end":{"line":4,"column":5}},"loc":{"start":{"line":4,"column":17},"end":{"line":9,"column":5}},"line":4},"1":{"name":"(anonymous_1)","decl":{"start":{"line":10,"column":12},"end":{"line":10,"column":13}},"loc":{"start":{"line":10,"column":17},"end":{"line":13,"column":5}},"line":10},"2":{"name":"(anonymous_2)","decl":{"start":{"line":12,"column":22},"end":{"line":12,"column":23}},"loc":{"start":{"line":12,"column":36},"end":{"line":12,"column":79}},"line":12},"3":{"name":"(anonymous_3)","decl":{"start":{"line":16,"column":4},"end":{"line":16,"column":5}},"loc":{"start":{"line":16,"column":13},"end":{"line":23,"column":5}},"line":16}},"branchMap":{"0":{"loc":{"start":{"line":19,"column":73},"end":{"line":19,"column":115}},"type":"cond-expr","locations":[{"start":{"line":19,"column":100},"end":{"line":19,"column":106}},{"start":{"line":19,"column":109},"end":{"line":19,"column":115}}],"line":19}},"s":{"0":0,"1":0,"2":0,"3":0,"4":0,"5":0,"6":0},"f":{"0":0,"1":0,"2":0,"3":0},"b":{"0":[0,0]},"_coverageSchema":"1a1c01bbd47fc00a2c39e90264f33305004495a9","hash":"137dfccb1428b84f99550df0344baaeba9a67eb7"}
,"C:\\Users\\bl2618\\Desktop\\Lap2\\todolist\\src\\Containers\\Home.js": {"path":"C:\\Users\\bl2618\\Desktop\\Lap2\\todolist\\src\\Containers\\Home.js","statementMap":{"0":{"start":{"line":5,"column":8},"end":{"line":5,"column":16}},"1":{"start":{"line":9,"column":8},"end":{"line":13,"column":9}}},"fnMap":{"0":{"name":"(anonymous_0)","decl":{"start":{"line":4,"column":4},"end":{"line":4,"column":5}},"loc":{"start":{"line":4,"column":18},"end":{"line":6,"column":5}},"line":4},"1":{"name":"(anonymous_1)","decl":{"start":{"line":8,"column":4},"end":{"line":8,"column":5}},"loc":{"start":{"line":8,"column":13},"end":{"line":14,"column":5}},"line":8}},"branchMap":{},"s":{"0":1,"1":1},"f":{"0":1,"1":1},"b":{},"_coverageSchema":"1a1c01bbd47fc00a2c39e90264f33305004495a9","hash":"665cb14c00cd2fcd108147f709f4780eccce2135"}
,"C:\\Users\\bl2618\\Desktop\\Lap2\\todolist\\src\\Containers\\Nav.js": {"path":"C:\\Users\\bl2618\\Desktop\\Lap2\\todolist\\src\\Containers\\Nav.js","statementMap":{"0":{"start":{"line":8,"column":8},"end":{"line":8,"column":16}},"1":{"start":{"line":12,"column":8},"end":{"line":26,"column":9}}},"fnMap":{"0":{"name":"(anonymous_0)","decl":{"start":{"line":7,"column":4},"end":{"line":7,"column":5}},"loc":{"start":{"line":7,"column":18},"end":{"line":9,"column":5}},"line":7},"1":{"name":"(anonymous_1)","decl":{"start":{"line":11,"column":4},"end":{"line":11,"column":5}},"loc":{"start":{"line":11,"column":13},"end":{"line":27,"column":5}},"line":11}},"branchMap":{},"s":{"0":0,"1":0},"f":{"0":0,"1":0},"b":{},"_coverageSchema":"1a1c01bbd47fc00a2c39e90264f33305004495a9","hash":"c49720a326b9307437237a52072526c7014ce852"}
,"C:\\Users\\bl2618\\Desktop\\Lap2\\todolist\\src\\Containers\\about.js": {"path":"C:\\Users\\bl2618\\Desktop\\Lap2\\todolist\\src\\Containers\\about.js","statementMap":{"0":{"start":{"line":6,"column":8},"end":{"line":6,"column":16}},"1":{"start":{"line":8,"column":8},"end":{"line":8,"column":39}},"2":{"start":{"line":11,"column":23},"end":{"line":11,"column":72}},"3":{"start":{"line":11,"column":28},"end":{"line":11,"column":72}},"4":{"start":{"line":13,"column":27},"end":{"line":17,"column":9}},"5":{"start":{"line":14,"column":12},"end":{"line":14,"column":31}},"6":{"start":{"line":15,"column":12},"end":{"line":15,"column":56}},"7":{"start":{"line":16,"column":12},"end":{"line":16,"column":44}},"8":{"start":{"line":19,"column":27},"end":{"line":22,"column":9}},"9":{"start":{"line":20,"column":12},"end":{"line":20,"column":31}},"10":{"start":{"line":21,"column":12},"end":{"line":21,"column":39}},"11":{"start":{"line":25,"column":28},"end":{"line":25,"column":88}},"12":{"start":{"line":25,"column":66},"end":{"line":25,"column":87}},"13":{"start":{"line":27,"column":8},"end":{"line":42,"column":9}},"14":{"start":{"line":46,"column":24},"end":{"line":48,"column":2}},"15":{"start":{"line":46,"column":34},"end":{"line":48,"column":1}},"16":{"start":{"line":50,"column":28},"end":{"line":53,"column":2}},"17":{"start":{"line":50,"column":40},"end":{"line":53,"column":1}},"18":{"start":{"line":51,"column":27},"end":{"line":51,"column":78}},"19":{"start":{"line":52,"column":25},"end":{"line":52,"column":61}}},"fnMap":{"0":{"name":"(anonymous_0)","decl":{"start":{"line":5,"column":4},"end":{"line":5,"column":5}},"loc":{"start":{"line":5,"column":18},"end":{"line":9,"column":9}},"line":5},"1":{"name":"(anonymous_1)","decl":{"start":{"line":11,"column":23},"end":{"line":11,"column":24}},"loc":{"start":{"line":11,"column":28},"end":{"line":11,"column":72}},"line":11},"2":{"name":"(anonymous_2)","decl":{"start":{"line":13,"column":27},"end":{"line":13,"column":28}},"loc":{"start":{"line":13,"column":33},"end":{"line":17,"column":9}},"line":13},"3":{"name":"(anonymous_3)","decl":{"start":{"line":19,"column":27},"end":{"line":19,"column":28}},"loc":{"start":{"line":19,"column":32},"end":{"line":22,"column":9}},"line":19},"4":{"name":"(anonymous_4)","decl":{"start":{"line":24,"column":4},"end":{"line":24,"column":5}},"loc":{"start":{"line":24,"column":13},"end":{"line":43,"column":5}},"line":24},"5":{"name":"(anonymous_5)","decl":{"start":{"line":25,"column":55},"end":{"line":25,"column":56}},"loc":{"start":{"line":25,"column":66},"end":{"line":25,"column":87}},"line":25},"6":{"name":"(anonymous_6)","decl":{"start":{"line":46,"column":24},"end":{"line":46,"column":25}},"loc":{"start":{"line":46,"column":34},"end":{"line":48,"column":1}},"line":46},"7":{"name":"(anonymous_7)","decl":{"start":{"line":50,"column":28},"end":{"line":50,"column":29}},"loc":{"start":{"line":50,"column":40},"end":{"line":53,"column":1}},"line":50},"8":{"name":"(anonymous_8)","decl":{"start":{"line":51,"column":16},"end":{"line":51,"column":17}},"loc":{"start":{"line":51,"column":27},"end":{"line":51,"column":78}},"line":51},"9":{"name":"(anonymous_9)","decl":{"start":{"line":52,"column":19},"end":{"line":52,"column":20}},"loc":{"start":{"line":52,"column":25},"end":{"line":52,"column":61}},"line":52}},"branchMap":{},"s":{"0":5,"1":5,"2":5,"3":3,"4":5,"5":2,"6":2,"7":2,"8":5,"9":0,"10":0,"11":10,"12":50,"13":10,"14":2,"15":0,"16":2,"17":0,"18":0,"19":0},"f":{"0":5,"1":3,"2":2,"3":0,"4":10,"5":50,"6":0,"7":0,"8":0,"9":0},"b":{},"_coverageSchema":"1a1c01bbd47fc00a2c39e90264f33305004495a9","hash":"dc9d11d2a676cccedb6f88354e3b49234f408988"}
,"C:\\Users\\bl2618\\Desktop\\Lap2\\todolist\\src\\Containers\\shop.js": {"path":"C:\\Users\\bl2618\\Desktop\\Lap2\\todolist\\src\\Containers\\shop.js","statementMap":{"0":{"start":{"line":8,"column":8},"end":{"line":8,"column":16}},"1":{"start":{"line":9,"column":8},"end":{"line":12,"column":9}},"2":{"start":{"line":15,"column":20},"end":{"line":15,"column":91}},"3":{"start":{"line":16,"column":25},"end":{"line":16,"column":41}},"4":{"start":{"line":17,"column":21},"end":{"line":17,"column":42}},"5":{"start":{"line":18,"column":8},"end":{"line":18,"column":55}},"6":{"start":{"line":19,"column":8},"end":{"line":19,"column":26}},"7":{"start":{"line":23,"column":8},"end":{"line":57,"column":9}}},"fnMap":{"0":{"name":"(anonymous_0)","decl":{"start":{"line":7,"column":4},"end":{"line":7,"column":5}},"loc":{"start":{"line":7,"column":18},"end":{"line":13,"column":5}},"line":7},"1":{"name":"(anonymous_1)","decl":{"start":{"line":14,"column":4},"end":{"line":14,"column":5}},"loc":{"start":{"line":14,"column":29},"end":{"line":20,"column":5}},"line":14},"2":{"name":"(anonymous_2)","decl":{"start":{"line":22,"column":4},"end":{"line":22,"column":5}},"loc":{"start":{"line":22,"column":13},"end":{"line":58,"column":5}},"line":22}},"branchMap":{"0":{"loc":{"start":{"line":27,"column":18},"end":{"line":54,"column":17}},"type":"cond-expr","locations":[{"start":{"line":28,"column":16},"end":{"line":28,"column":37}},{"start":{"line":30,"column":16},"end":{"line":53,"column":22}}],"line":27},"1":{"loc":{"start":{"line":27,"column":18},"end":{"line":27,"column":59}},"type":"binary-expr","locations":[{"start":{"line":27,"column":18},"end":{"line":27,"column":36}},{"start":{"line":27,"column":40},"end":{"line":27,"column":59}}],"line":27}},"s":{"0":1,"1":1,"2":1,"3":1,"4":0,"5":0,"6":0,"7":1},"f":{"0":1,"1":1,"2":1},"b":{"0":[1,0],"1":[1,0]},"_coverageSchema":"1a1c01bbd47fc00a2c39e90264f33305004495a9","hash":"9e1e6b668268e145bbf81315a36f162b42796857"}
}
